#
# There is insufficient memory for the Java Runtime Environment to continue.
# Native memory allocation (mmap) failed to map 266338304 bytes. Error detail: G1 virtual space
# Possible reasons:
#   The system is out of physical RAM or swap space
#   This process is running with CompressedOops enabled, and the Java Heap may be blocking the growth of the native heap
# Possible solutions:
#   Reduce memory load on the system
#   Increase physical memory or swap space
#   Check if swap backing store is full
#   Decrease Java heap size (-Xmx/-Xms)
#   Decrease number of Java threads
#   Decrease Java thread stack sizes (-Xss)
#   Set larger code cache with -XX:ReservedCodeCacheSize=
#   JVM is running with Zero Based Compressed Oops mode in which the Java heap is
#     placed in the first 32GB address space. The Java Heap base address is the
#     maximum limit for the native heap growth. Please use -XX:HeapBaseMinAddress
#     to set the Java Heap base and to place the Java Heap above 32GB virtual address.
# This output file may be truncated or incomplete.
#
#  Out of Memory Error (os_windows.cpp:3828), pid=5720, tid=16752
#
# JRE version:  (21.0.4+13) (build )
# Java VM: OpenJDK 64-Bit Server VM (21.0.4+13-b509.26, mixed mode, sharing, tiered, compressed oops, compressed class ptrs, g1 gc, windows-amd64)
# No core dump will be written. Minidumps are not enabled by default on client versions of Windows
#

---------------  S U M M A R Y ------------

Command Line: git4idea.http.GitAskPassApp Username for 'https://github.com': 

Host: Intel(R) Core(TM) i3-8100 CPU @ 3.60GHz, 4 cores, 15G,  Windows 10 , 64 bit Build 19041 (10.0.19041.5678)
Time: Fri Mar 28 10:29:48 2025 RTZ 3 (s 10 , 64 bit Build 19041 (10.0.19041.5678) elapsed time: 0.008151 seconds (0d 0h 0m 0s)

---------------  T H R E A D  ---------------

Current thread (0x0000012ceac59670):  JavaThread "Unknown thread" [_thread_in_vm, id=16752, stack(0x0000002bd9400000,0x0000002bd9500000) (1024K)]

Stack: [0x0000002bd9400000,0x0000002bd9500000]
Native frames: (J=compiled Java code, j=interpreted, Vv=VM code, C=native code)
V  [jvm.dll+0x6e3739]
V  [jvm.dll+0x8c0c33]
V  [jvm.dll+0x8c318e]
V  [jvm.dll+0x8c3873]
V  [jvm.dll+0x288256]
V  [jvm.dll+0x6dfec5]
V  [jvm.dll+0x6d439a]
V  [jvm.dll+0x36211b]
V  [jvm.dll+0x369cc6]
V  [jvm.dll+0x3bbdf6]
V  [jvm.dll+0x3bc0c8]
V  [jvm.dll+0x3348dc]
V  [jvm.dll+0x3355cb]
V  [jvm.dll+0x888099]
V  [jvm.dll+0x3c8f28]
V  [jvm.dll+0x871238]
V  [jvm.dll+0x45d8de]
V  [jvm.dll+0x45f5c1]
C  [jli.dll+0x52ab]
C  [ucrtbase.dll+0x21bb2]
C  [KERNEL32.DLL+0x17374]
C  [ntdll.dll+0x4cc91]


---------------  P R O C E S S  ---------------

Threads class SMR info:
_java_thread_list=0x00007ffee2472108, length=0, elements={
}

Java Threads: ( => current thread )
Total: 0

Other Threads:
  0x0000012ce8b5bb00 WorkerThread "GC Thread#0"                     [id=15748, stack(0x0000002bd9500000,0x0000002bd9600000) (1024K)]
  0x0000012ceacc9db0 ConcurrentGCThread "G1 Main Marker"            [id=10256, stack(0x0000002bd9600000,0x0000002bd9700000) (1024K)]
  0x0000012ce8b5b020 WorkerThread "G1 Conc#0"                       [id=3324, stack(0x0000002bd9700000,0x0000002bd9800000) (1024K)]

[error occurred during error reporting (printing all threads), id 0xc0000005, EXCEPTION_ACCESS_VIOLATION (0xc0000005) at pc=0x00007ffee1b67997]
VM state: not at safepoint (not fully initialized)

VM Mutex/Monitor currently owned by a thread:  ([mutex/lock_event])
[0x00007ffee24e6a48] Heap_lock - owner thread: 0x0000012ceac59670

Heap address: 0x0000000702600000, size: 4058 MB, Compressed Oops mode: Zero based, Oop shift amount: 3

CDS archive(s) mapped at: [0x0000000000000000-0x0000000000000000-0x0000000000000000), size 0, SharedBaseAddress: 0x0000000800000000, ArchiveRelocationMode: 1.
Narrow klass base: 0x0000000000000000, Narrow klass shift: 0, Narrow klass range: 0x0

GC Precious Log:
 CardTable entry size: 512
 Card Set container configuration: InlinePtr #cards 4 size 8 Array Of Cards #cards 16 size 48 Howl #buckets 8 coarsen threshold 3686 Howl Bitmap #cards 512 size 80 coarsen threshold 460 Card regions per heap region 1 cards per card region 4096

Heap:
 garbage-first heap   total 0K, used 0K [0x0000000702600000, 0x0000000800000000)
  region size 2048K, 0 young (0K), 0 survivors (0K)
 Metaspace       used 0K, committed 0K, reserved 0K
  class space    used 0K, committed 0K, reserved 0K

Heap Regions: E=young(eden), S=young(survivor), O=old, HS=humongous(starts), HC=humongous(continues), CS=collection set, F=free, TAMS=top-at-mark-start, PB=parsable bottom

Card table byte_map: [0x0000012cfe360000,0x0000012cfeb50000] _byte_map_base: 0x0000012cfab4d000

Marking Bits: (CMBitMap*) 0x0000012ceacb9740
 Bits: [0x0000012c80000000, 0x0000012c83f68000)

GC Heap History (0 events):
No events

Dll operation events (1 events):
Event: 0.005 Loaded shared library C:\Program Files\JetBrains\IntelliJ IDEA 2024.2.4\jbr\bin\java.dll

Deoptimization events (0 events):
No events

Classes loaded (0 events):
No events

Classes unloaded (0 events):
No events

Classes redefined (0 events):
No events

Internal exceptions (0 events):
No events

ZGC Phase Switch (0 events):
No events

VM Operations (0 events):
No events

Memory protections (0 events):
No events

Nmethod flushes (0 events):
No events

Events (0 events):
No events


Dynamic libraries:
0x00007ff740eb0000 - 0x00007ff740eba000 	C:\Program Files\JetBrains\IntelliJ IDEA 2024.2.4\jbr\bin\java.exe
0x00007fff8ee70000 - 0x00007fff8f068000 	C:\Windows\SYSTEM32\ntdll.dll
0x00007fff8ea30000 - 0x00007fff8eaf2000 	C:\Windows\System32\KERNEL32.DLL
0x00007fff8c850000 - 0x00007fff8cb46000 	C:\Windows\System32\KERNELBASE.dll
0x00007fff8c4f0000 - 0x00007fff8c5f0000 	C:\Windows\System32\ucrtbase.dll
0x00007fff85630000 - 0x00007fff8564b000 	C:\Program Files\JetBrains\IntelliJ IDEA 2024.2.4\jbr\bin\VCRUNTIME140.dll
0x00007fff77080000 - 0x00007fff77098000 	C:\Program Files\JetBrains\IntelliJ IDEA 2024.2.4\jbr\bin\jli.dll
0x00007fff8d7d0000 - 0x00007fff8d96d000 	C:\Windows\System32\USER32.dll
0x00007fff823e0000 - 0x00007fff8267a000 	C:\Windows\WinSxS\amd64_microsoft.windows.common-controls_6595b64144ccf1df_6.0.19041.4355_none_60b8b9eb71f62e16\COMCTL32.dll
0x00007fff8cdd0000 - 0x00007fff8cdf2000 	C:\Windows\System32\win32u.dll
0x00007fff8cee0000 - 0x00007fff8cf0b000 	C:\Windows\System32\GDI32.dll
0x00007fff8e3e0000 - 0x00007fff8e47e000 	C:\Windows\System32\msvcrt.dll
0x00007fff8c6a0000 - 0x00007fff8c7ba000 	C:\Windows\System32\gdi32full.dll
0x00007fff8cd30000 - 0x00007fff8cdcd000 	C:\Windows\System32\msvcp_win.dll
0x00007fff8d7a0000 - 0x00007fff8d7cf000 	C:\Windows\System32\IMM32.DLL
0x00007fff86c90000 - 0x00007fff86c9c000 	C:\Program Files\JetBrains\IntelliJ IDEA 2024.2.4\jbr\bin\vcruntime140_1.dll
0x00007fff66180000 - 0x00007fff6620d000 	C:\Program Files\JetBrains\IntelliJ IDEA 2024.2.4\jbr\bin\msvcp140.dll
0x00007ffee1820000 - 0x00007ffee25d7000 	C:\Program Files\JetBrains\IntelliJ IDEA 2024.2.4\jbr\bin\server\jvm.dll
0x00007fff8e250000 - 0x00007fff8e301000 	C:\Windows\System32\ADVAPI32.dll
0x00007fff8ed30000 - 0x00007fff8edcf000 	C:\Windows\System32\sechost.dll
0x00007fff8eb00000 - 0x00007fff8ec23000 	C:\Windows\System32\RPCRT4.dll
0x00007fff8ce00000 - 0x00007fff8ce27000 	C:\Windows\System32\bcrypt.dll
0x00007fff8e310000 - 0x00007fff8e37b000 	C:\Windows\System32\WS2_32.dll
0x00007fff8bea0000 - 0x00007fff8beeb000 	C:\Windows\SYSTEM32\POWRPROF.dll
0x00007fff82e70000 - 0x00007fff82e97000 	C:\Windows\SYSTEM32\WINMM.dll
0x00007fff871e0000 - 0x00007fff871ea000 	C:\Windows\SYSTEM32\VERSION.dll
0x00007fff8be30000 - 0x00007fff8be42000 	C:\Windows\SYSTEM32\UMPDC.dll
0x00007fff89bf0000 - 0x00007fff89c02000 	C:\Windows\SYSTEM32\kernel.appcore.dll
0x00007fff86c20000 - 0x00007fff86c2a000 	C:\Program Files\JetBrains\IntelliJ IDEA 2024.2.4\jbr\bin\jimage.dll
0x00007fff85ac0000 - 0x00007fff85ca4000 	C:\Windows\SYSTEM32\DBGHELP.DLL
0x00007fff85a50000 - 0x00007fff85a84000 	C:\Windows\SYSTEM32\dbgcore.DLL
0x00007fff8c7c0000 - 0x00007fff8c842000 	C:\Windows\System32\bcryptPrimitives.dll
0x00007fff769a0000 - 0x00007fff769bf000 	C:\Program Files\JetBrains\IntelliJ IDEA 2024.2.4\jbr\bin\java.dll

dbghelp: loaded successfully - version: 4.0.5 - missing functions: none
symbol engine: initialized successfully - sym options: 0x614 - pdb path: .;C:\Program Files\JetBrains\IntelliJ IDEA 2024.2.4\jbr\bin;C:\Windows\SYSTEM32;C:\Windows\WinSxS\amd64_microsoft.windows.common-controls_6595b64144ccf1df_6.0.19041.4355_none_60b8b9eb71f62e16;C:\Program Files\JetBrains\IntelliJ IDEA 2024.2.4\jbr\bin\server

VM Arguments:
java_command: git4idea.http.GitAskPassApp Username for 'https://github.com': 
java_class_path (initial): C:/Program Files/JetBrains/IntelliJ IDEA 2024.2.4/plugins/vcs-git/lib/git4idea-rt.jar;C:/Program Files/JetBrains/IntelliJ IDEA 2024.2.4/lib/externalProcess-rt.jar
Launcher Type: SUN_STANDARD

[Global flags]
     intx CICompilerCount                          = 3                                         {product} {ergonomic}
     uint ConcGCThreads                            = 1                                         {product} {ergonomic}
     uint G1ConcRefinementThreads                  = 4                                         {product} {ergonomic}
   size_t G1HeapRegionSize                         = 2097152                                   {product} {ergonomic}
    uintx GCDrainStackTargetSize                   = 64                                        {product} {ergonomic}
   size_t InitialHeapSize                          = 266338304                                 {product} {ergonomic}
   size_t MarkStackSize                            = 4194304                                   {product} {ergonomic}
   size_t MaxHeapSize                              = 4255121408                                {product} {ergonomic}
   size_t MinHeapDeltaBytes                        = 2097152                                   {product} {ergonomic}
   size_t MinHeapSize                              = 8388608                                   {product} {ergonomic}
    uintx NonNMethodCodeHeapSize                   = 5832780                                {pd product} {ergonomic}
    uintx NonProfiledCodeHeapSize                  = 122912730                              {pd product} {ergonomic}
    uintx ProfiledCodeHeapSize                     = 122912730                              {pd product} {ergonomic}
    uintx ReservedCodeCacheSize                    = 251658240                              {pd product} {ergonomic}
     bool SegmentedCodeCache                       = true                                      {product} {ergonomic}
   size_t SoftMaxHeapSize                          = 4255121408                             {manageable} {ergonomic}
     bool UseCompressedOops                        = true                           {product lp64_product} {ergonomic}
     bool UseG1GC                                  = true                                      {product} {ergonomic}
     bool UseLargePagesIndividualAllocation        = false                                  {pd product} {ergonomic}

Logging:
Log output configuration:
 #0: stdout all=warning uptime,level,tags foldmultilines=false
 #1: stderr all=off uptime,level,tags foldmultilines=false

Environment Variables:
JAVA_HOME=C:\Java\jdk-23.0.1
PATH=C:\Program Files\Git\mingw64\libexec\git-core;C:\Program Files\Git\mingw64\libexec\git-core;C:\Program Files\Git\mingw64\bin;C:\Program Files\Git\usr\bin;C:\Users\БембетьевА\bin;C:\win32_11gR2_client\win32_11gR2_client\bin;C:\Windows\system32;C:\Windows;C:\Windows\System32\Wbem;C:\Windows\System32\WindowsPowerShell\v1.0;C:\Windows\System32\OpenSSH;C:\Program Files (x86)\EOS\PB10DK;C:\Program Files\dotnet;C:\Java\jdk-23.0.1\bin;C:\Windows\SysWOW64;C:\Program Files (x86)\Common Files\Acronis\SnapAPI;C:\Program Files\Git\cmd;C:\AGORA-SOFT\Justice\Client;C:\Program Files\JetBrains\IntelliJ IDEA Community Edition 2024.2.4\bin;C:\Windows\SysWOW64;C:\Program Files\JetBrains\IntelliJ IDEA 2024.2.4\bin
USERNAME=БембетьевА
DISPLAY=:0.0
LC_ALL=en_US.UTF-8
TERM=xterm-256color
TMPDIR=C:\Users\F66D~1\AppData\Local\Temp
OS=Windows_NT
PROCESSOR_IDENTIFIER=Intel64 Family 6 Model 158 Stepping 11, GenuineIntel
TMP=C:\Users\F66D~1\AppData\Local\Temp
TEMP=C:\Users\F66D~1\AppData\Local\Temp




Periodic native trim disabled

JNI global refs:
JNI global refs: 0, weak refs: 0

JNI global refs memory usage: 0, weak refs: 0

Process memory usage:
Resident Set Size: 10828K (0% of 16620196K total physical memory with 3791492K free physical memory)

OOME stack traces (most recent first):
Classloader memory used:

---------------  S Y S T E M  ---------------

OS:
 Windows 10 , 64 bit Build 19041 (10.0.19041.5678)
OS uptime: 1 days 15:21 hours

CPU: total 4 (initial active 4) (4 cores per cpu, 1 threads per core) family 6 model 158 stepping 11 microcode 0xb4, cx8, cmov, fxsr, mmx, 3dnowpref, sse, sse2, sse3, ssse3, sse4.1, sse4.2, popcnt, lzcnt, tsc, tscinvbit, avx, avx2, aes, erms, clmul, bmi1, bmi2, adx, fma, vzeroupper, clflush, clflushopt, rdtscp, f16c
Processor Information for all 4 processors :
  Max Mhz: 3600, Current Mhz: 3600, Mhz Limit: 3600

Memory: 4k page, system-wide physical 16230M (3702M free)
TotalPageFile size 18278M (AvailPageFile size 195M)
current process WorkingSet (physical memory assigned to process): 10M, peak: 10M
current process commit charge ("private bytes"): 52M, peak: 305M

vm_info: OpenJDK 64-Bit Server VM (21.0.4+13-b509.26) for windows-amd64 JRE (21.0.4+13-b509.26), built on 2024-09-27 by "builduser" with MS VC++ 16.10 / 16.11 (VS2019)

END.
